Library/Bee/Android/Prj/Mono2x/Gradle/unityLibrary/build/intermediates/manifest_merge_blame_file/release/manifest-merger-blame-release-report.txt
1<?xml version="1.0" encoding="utf-8"?>
2<manifest xmlns:android="http://schemas.android.com/apk/res/android"
3    xmlns:tools="http://schemas.android.com/tools"
4    package="com.unity3d.player"
5    android:installLocation="auto" >
6
7    <uses-sdk
8        android:minSdkVersion="23"
8-->src\main\AndroidManifest.xml
9        android:targetSdkVersion="32" />
9-->src\main\AndroidManifest.xml
10
11    <uses-permission android:name="android.permission.INTERNET" />
11-->src\main\AndroidManifest.xml:3:3-65
11-->src\main\AndroidManifest.xml:3:20-62
12    <uses-permission android:name="android.permission.ACCESS_NETWORK_STATE" />
12-->src\main\AndroidManifest.xml:4:3-77
12-->src\main\AndroidManifest.xml:4:20-74
13    <uses-permission android:name="android.permission.RECORD_AUDIO" />
13-->src\main\AndroidManifest.xml:5:3-69
13-->src\main\AndroidManifest.xml:5:20-66
14    <uses-permission android:name="android.permission.MODIFY_AUDIO_SETTINGS" />
14-->src\main\AndroidManifest.xml:6:3-78
14-->src\main\AndroidManifest.xml:6:20-75
15
16    <uses-feature android:glEsVersion="0x00030000" />
16-->src\main\AndroidManifest.xml:7:3-52
16-->src\main\AndroidManifest.xml:7:17-49
17    <uses-feature
17-->src\main\AndroidManifest.xml:8:3-87
18        android:name="android.hardware.microphone"
18-->src\main\AndroidManifest.xml:8:17-59
19        android:required="false" />
19-->src\main\AndroidManifest.xml:8:60-84
20    <uses-feature
20-->src\main\AndroidManifest.xml:9:3-88
21        android:name="android.hardware.touchscreen"
21-->src\main\AndroidManifest.xml:9:17-60
22        android:required="false" />
22-->src\main\AndroidManifest.xml:9:61-85
23    <uses-feature
23-->src\main\AndroidManifest.xml:10:3-99
24        android:name="android.hardware.touchscreen.multitouch"
24-->src\main\AndroidManifest.xml:10:17-71
25        android:required="false" />
25-->src\main\AndroidManifest.xml:10:72-96
26    <uses-feature
26-->src\main\AndroidManifest.xml:11:3-108
27        android:name="android.hardware.touchscreen.multitouch.distinct"
27-->src\main\AndroidManifest.xml:11:17-80
28        android:required="false" />
28-->src\main\AndroidManifest.xml:11:81-105
29    <uses-feature
29-->src\main\AndroidManifest.xml:34:3-111
30        android:name="android.hardware.vr.headtracking"
30-->src\main\AndroidManifest.xml:34:17-64
31        android:required="true"
31-->src\main\AndroidManifest.xml:34:65-88
32        android:version="1" />
32-->src\main\AndroidManifest.xml:34:89-108
33
34    <application
34-->src\main\AndroidManifest.xml:12:3-33:17
35        android:allowBackup="false"
35-->src\main\AndroidManifest.xml:12:114-141
36        android:extractNativeLibs="true"
36-->src\main\AndroidManifest.xml:12:16-48
37        android:icon="@mipmap/app_icon"
37-->src\main\AndroidManifest.xml:12:82-113
38        android:label="@string/app_name"
38-->src\main\AndroidManifest.xml:12:49-81
39        android:networkSecurityConfig="@xml/network_sec_config" >
39-->src\main\AndroidManifest.xml:12:142-197
40        <meta-data
40-->src\main\AndroidManifest.xml:13:5-69
41            android:name="unity.splash-mode"
41-->src\main\AndroidManifest.xml:13:16-48
42            android:value="0" />
42-->src\main\AndroidManifest.xml:13:49-66
43        <meta-data
43-->src\main\AndroidManifest.xml:14:5-74
44            android:name="unity.splash-enable"
44-->src\main\AndroidManifest.xml:14:16-50
45            android:value="True" />
45-->src\main\AndroidManifest.xml:14:51-71
46        <meta-data
46-->src\main\AndroidManifest.xml:15:5-78
47            android:name="unity.launch-fullscreen"
47-->src\main\AndroidManifest.xml:15:16-54
48            android:value="True" />
48-->src\main\AndroidManifest.xml:15:55-75
49        <meta-data
49-->src\main\AndroidManifest.xml:16:5-81
50            android:name="notch.config"
50-->src\main\AndroidManifest.xml:16:16-43
51            android:value="portrait|landscape" />
51-->src\main\AndroidManifest.xml:16:44-78
52        <meta-data
52-->src\main\AndroidManifest.xml:17:5-84
53            android:name="unity.auto-report-fully-drawn"
53-->src\main\AndroidManifest.xml:17:16-60
54            android:value="true" />
54-->src\main\AndroidManifest.xml:17:61-81
55
56        <activity
56-->src\main\AndroidManifest.xml:18:5-27:16
57            android:name="com.unity3d.player.UnityPlayerActivity"
57-->src\main\AndroidManifest.xml:18:15-68
58            android:configChanges="keyboard|keyboardHidden|navigation|orientation|screenLayout|screenSize|uiMode"
58-->src\main\AndroidManifest.xml:18:204-305
59            android:exported="true"
59-->src\main\AndroidManifest.xml:18:377-400
60            android:hardwareAccelerated="false"
60-->src\main\AndroidManifest.xml:18:341-376
61            android:launchMode="singleTask"
61-->src\main\AndroidManifest.xml:18:172-203
62            android:resizeableActivity="false"
62-->src\main\AndroidManifest.xml:18:306-340
63            android:screenOrientation="landscape"
63-->src\main\AndroidManifest.xml:18:134-171
64            android:theme="@android:style/Theme.Black.NoTitleBar.Fullscreen" >
64-->src\main\AndroidManifest.xml:18:69-133
65            <intent-filter>
65-->src\main\AndroidManifest.xml:19:7-23:23
66                <category android:name="android.intent.category.LAUNCHER" />
66-->src\main\AndroidManifest.xml:20:9-69
66-->src\main\AndroidManifest.xml:20:19-66
67
68                <action android:name="android.intent.action.MAIN" />
68-->src\main\AndroidManifest.xml:21:9-61
68-->src\main\AndroidManifest.xml:21:17-58
69
70                <category android:name="com.oculus.intent.category.VR" />
70-->src\main\AndroidManifest.xml:22:9-66
70-->src\main\AndroidManifest.xml:22:19-63
71            </intent-filter>
72
73            <meta-data
73-->src\main\AndroidManifest.xml:24:7-82
74                android:name="unityplayer.UnityActivity"
74-->src\main\AndroidManifest.xml:24:18-58
75                android:value="true" />
75-->src\main\AndroidManifest.xml:24:59-79
76            <meta-data
76-->src\main\AndroidManifest.xml:25:7-70
77                android:name="notch_support"
77-->src\main\AndroidManifest.xml:25:18-46
78                android:value="true" />
78-->src\main\AndroidManifest.xml:25:47-67
79            <meta-data
79-->src\main\AndroidManifest.xml:26:7-81
80                android:name="com.oculus.vr.focusaware"
80-->src\main\AndroidManifest.xml:26:18-57
81                android:value="true" />
81-->src\main\AndroidManifest.xml:26:58-78
82        </activity>
83
84        <meta-data
84-->src\main\AndroidManifest.xml:28:5-97
85            android:name="com.samsung.android.vr.application.mode"
85-->src\main\AndroidManifest.xml:28:16-70
86            android:value="vr_only" />
86-->src\main\AndroidManifest.xml:28:71-94
87        <meta-data
87-->src\main\AndroidManifest.xml:29:5-91
88            android:name="com.unity.xr.oculus.LowOverheadMode"
88-->src\main\AndroidManifest.xml:29:16-66
89            android:value="false" />
89-->src\main\AndroidManifest.xml:29:67-88
90        <meta-data
90-->src\main\AndroidManifest.xml:30:5-88
91            android:name="com.unity.xr.oculus.LateLatching"
91-->src\main\AndroidManifest.xml:30:16-63
92            android:value="false" />
92-->src\main\AndroidManifest.xml:30:64-85
93        <meta-data
93-->src\main\AndroidManifest.xml:31:5-93
94            android:name="com.unity.xr.oculus.LateLatchingDebug"
94-->src\main\AndroidManifest.xml:31:16-68
95            android:value="false" />
95-->src\main\AndroidManifest.xml:31:69-90
96        <meta-data
96-->src\main\AndroidManifest.xml:32:5-93
97            android:name="com.oculus.supportedDevices"
97-->src\main\AndroidManifest.xml:32:16-58
98            android:value="quest2|questpro" />
98-->src\main\AndroidManifest.xml:32:59-90
99    </application>
100
101</manifest>